-------------------------------------------------------------------------------
Test set: com.cimplyfive.registration.app.tests.ApplicationTests
-------------------------------------------------------------------------------
Tests run: 1, Failures: 0, Errors: 1, Skipped: 0, Time elapsed: 0.451 s <<< FAILURE! - in com.cimplyfive.registration.app.tests.ApplicationTests
initializationError(com.cimplyfive.registration.app.tests.ApplicationTests)  Time elapsed: 0.006 s  <<< ERROR!
java.lang.IllegalStateException: Unable to find a @SpringBootConfiguration, you need to use @ContextConfiguration or @SpringBootTest(classes=...) with your test

